 ⨯ Failed to start server
Error: listen EADDRINUSE: address already in use :::3001
    at Server.setupListenHandle [as _listen2] (node:net:2008:16)
    at listenInCluster (node:net:2065:12)
    at Server.listen (node:net:2170:7)
    at C:\Users\kelat\Downloads\WEBSITE\node_modules\next\dist\server\lib\start-server.js:297:16
    at new Promise (<anonymous>)
    at startServer (C:\Users\kelat\Downloads\WEBSITE\node_modules\next\dist\server\lib\start-server.js:191:11)
    at C:\Users\kelat\Downloads\WEBSITE\node_modules\next\dist\server\lib\start-server.js:327:52
    at Span.traceAsyncFn (C:\Users\kelat\Downloads\WEBSITE\node_modules\next\dist\trace\trace.js:157:26)
    at process.<anonymous> (C:\Users\kelat\Downloads\WEBSITE\node_modules\next\dist\server\lib\start-server.js:327:35)
    at process.emit (node:events:509:28) {
  code: 'EADDRINUSE',
  errno: -4091,
  syscall: 'listen',
  address: '::',
  port: 3001
}
[?25h

C:\Users\kelat\Downloads\WEBSITE>