  ▲ Next.js 15.0.0
  - Local:        http://localhost:3001

 ✓ Starting...
 ✓ Ready in 1679ms
 ○ Compiling / ...
 ✓ Compiled / in 2.2s (571 modules)
 GET / 200 in 2369ms
 ✓ Compiled /admin in 393ms (615 modules)
 GET / 200 in 64ms
 GET /admin 200 in 473ms
 GET / 200 in 22ms
 ✓ Compiled in 465ms (592 modules)
 GET / 200 in 54ms
 ✓ Compiled in 391ms (602 modules)
 GET / 200 in 94ms
 ✓ Compiled in 285ms (601 modules)
 GET / 200 in 37ms
 ✓ Compiled in 199ms (603 modules)
 GET / 200 in 64ms
 ✓ Compiled in 712ms (603 modules)
 GET / 200 in 42ms
 ✓ Compiled /shop in 313ms (601 modules)
 GET /shop 200 in 406ms
 ✓ Compiled /_not-found in 225ms (604 modules)
 GET / 404 in 505ms
 GET /_next/static/css/app/layout.css?v=1784060897626 404 in 41ms
 GET /_next/static/chunks/main-app.js?v=1784060897626 404 in 43ms
 GET /_next/static/chunks/app-pages-internals.js 404 in 45ms
 GET /_next/static/chunks/main-app.js?v=1784060897626 404 in 28ms
 GET /_next/static/chunks/app-pages-internals.js 404 in 26ms
 ⨯ Error: Cannot find module './828.js'
Require stack:
- C:\Users\kelat\Downloads\WEBSITE\.next\server\webpack-runtime.js
- C:\Users\kelat\Downloads\WEBSITE\.next\server\app\_not-found\page.js
- C:\Users\kelat\Downloads\WEBSITE\node_modules\next\dist\server\require.js
- C:\Users\kelat\Downloads\WEBSITE\node_modules\next\dist\server\load-components.js
- C:\Users\kelat\Downloads\WEBSITE\node_modules\next\dist\build\utils.js
- C:\Users\kelat\Downloads\WEBSITE\node_modules\next\dist\build\swc\options.js
- C:\Users\kelat\Downloads\WEBSITE\node_modules\next\dist\build\swc\index.js
- C:\Users\kelat\Downloads\WEBSITE\node_modules\next\dist\build\next-config-ts\transpile-config.js
- C:\Users\kelat\Downloads\WEBSITE\node_modules\next\dist\server\config.js
- C:\Users\kelat\Downloads\WEBSITE\node_modules\next\dist\server\next.js
- C:\Users\kelat\Downloads\WEBSITE\node_modules\next\dist\server\lib\start-server.js
    at Module.<anonymous> (node:internal/modules/cjs/loader:1476:15)
    at C:\Users\kelat\Downloads\WEBSITE\node_modules\next\dist\server\require-hook.js:55:36
    at wrapResolveFilename (node:internal/modules/cjs/loader:1049:27)
    at defaultResolveImplForCJSLoading (node:internal/modules/cjs/loader:1073:10)
    at defaultResolve (node:internal/modules/cjs/loader:1124:20)
    at nextStep (node:internal/modules/customization_hooks:189:26)
    at Be (C:\Users\kelat\Downloads\WEBSITE\node_modules\@tailwindcss\node\dist\index.js:1:1283)
    at nextStep (node:internal/modules/customization_hooks:189:26)
    at resolveWithHooks (node:internal/modules/customization_hooks:417:10)
    at resolveForCJSWithHooks (node:internal/modules/cjs/loader:1137:25)
    at Module._load (node:internal/modules/cjs/loader:1262:25)
    at wrapModuleLoad (node:internal/modules/cjs/loader:255:19)
    at Module.<anonymous> (node:internal/modules/cjs/loader:1576:12)
    at mod.require (C:\Users\kelat\Downloads\WEBSITE\node_modules\next\dist\server\require-hook.js:65:28)
    at require (node:internal/modules/helpers:153:16)
    at __webpack_require__.f.require (C:\Users\kelat\Downloads\WEBSITE\.next\server\webpack-runtime.js:267:28)
    at C:\Users\kelat\Downloads\WEBSITE\.next\server\webpack-runtime.js:180:40
    at Array.reduce (<anonymous>)
    at __webpack_require__.e (C:\Users\kelat\Downloads\WEBSITE\.next\server\webpack-runtime.js:179:67)
    at Array.map (<anonymous>)
    at __webpack_require__.X (C:\Users\kelat\Downloads\WEBSITE\.next\server\webpack-runtime.js:231:22)
    at C:\Users\kelat\Downloads\WEBSITE\.next\server\app\shop\page.js:1:4180
    at Object.<anonymous> (C:\Users\kelat\Downloads\WEBSITE\.next\server\app\shop\page.js:1:4225)
    at Module._compile (node:internal/modules/cjs/loader:1830:14)
    at Object..js (node:internal/modules/cjs/loader:1961:10)
    at Module.load (node:internal/modules/cjs/loader:1553:32)
    at Module._load (node:internal/modules/cjs/loader:1355:12)
    at wrapModuleLoad (node:internal/modules/cjs/loader:255:19)
    at Module.<anonymous> (node:internal/modules/cjs/loader:1576:12)
    at mod.require (C:\Users\kelat\Downloads\WEBSITE\node_modules\next\dist\server\require-hook.js:65:28)
    at require (node:internal/modules/helpers:153:16)
    at requirePage (C:\Users\kelat\Downloads\WEBSITE\node_modules\next\dist\server\require.js:103:84)
    at loadComponentsImpl (C:\Users\kelat\Downloads\WEBSITE\node_modules\next\dist\server\load-components.js:99:57)
    at async DevServer.findPageComponentsImpl (C:\Users\kelat\Downloads\WEBSITE\node_modules\next\dist\server\next-server.js:732:36)
    at async DevServer.findPageComponents (C:\Users\kelat\Downloads\WEBSITE\node_modules\next\dist\server\dev\next-dev-server.js:611:20)
    at async DevServer.renderPageComponent (C:\Users\kelat\Downloads\WEBSITE\node_modules\next\dist\server\base-server.js:2279:24)
    at async DevServer.renderToResponseImpl (C:\Users\kelat\Downloads\WEBSITE\node_modules\next\dist\server\base-server.js:2330:32)
    at async DevServer.pipeImpl (C:\Users\kelat\Downloads\WEBSITE\node_modules\next\dist\server\base-server.js:984:25)
    at async NextNodeServer.handleCatchallRenderRequest (C:\Users\kelat\Downloads\WEBSITE\node_modules\next\dist\server\next-server.js:281:17)
    at async DevServer.handleRequestImpl (C:\Users\kelat\Downloads\WEBSITE\node_modules\next\dist\server\base-server.js:877:17)
    at async C:\Users\kelat\Downloads\WEBSITE\node_modules\next\dist\server\dev\next-dev-server.js:373:20
    at async Span.traceAsyncFn (C:\Users\kelat\Downloads\WEBSITE\node_modules\next\dist\trace\trace.js:157:20)
    at async DevServer.handleRequest (C:\Users\kelat\Downloads\WEBSITE\node_modules\next\dist\server\dev\next-dev-server.js:370:24)
    at async invokeRender (C:\Users\kelat\Downloads\WEBSITE\node_modules\next\dist\server\lib\router-server.js:183:21)
    at async handleRequest (C:\Users\kelat\Downloads\WEBSITE\node_modules\next\dist\server\lib\router-server.js:360:24)
    at async requestHandlerImpl (C:\Users\kelat\Downloads\WEBSITE\node_modules\next\dist\server\lib\router-server.js:384:13)
    at async Server.requestListener (C:\Users\kelat\Downloads\WEBSITE\node_modules\next\dist\server\lib\start-server.js:142:13) {
  code: 'MODULE_NOT_FOUND',
  requireStack: [
    'C:\\Users\\kelat\\Downloads\\WEBSITE\\.next\\server\\webpack-runtime.js',
    'C:\\Users\\kelat\\Downloads\\WEBSITE\\.next\\server\\app\\_not-found\\page.js',
    'C:\\Users\\kelat\\Downloads\\WEBSITE\\node_modules\\next\\dist\\server\\require.js',
    'C:\\Users\\kelat\\Downloads\\WEBSITE\\node_modules\\next\\dist\\server\\load-components.js',
    'C:\\Users\\kelat\\Downloads\\WEBSITE\\node_modules\\next\\dist\\build\\utils.js',
    'C:\\Users\\kelat\\Downloads\\WEBSITE\\node_modules\\next\\dist\\build\\swc\\options.js',
    'C:\\Users\\kelat\\Downloads\\WEBSITE\\node_modules\\next\\dist\\build\\swc\\index.js',
    'C:\\Users\\kelat\\Downloads\\WEBSITE\\node_modules\\next\\dist\\build\\next-config-ts\\transpile-config.js',
    'C:\\Users\\kelat\\Downloads\\WEBSITE\\node_modules\\next\\dist\\server\\config.js',
    'C:\\Users\\kelat\\Downloads\\WEBSITE\\node_modules\\next\\dist\\server\\next.js',
    'C:\\Users\\kelat\\Downloads\\WEBSITE\\node_modules\\next\\dist\\server\\lib\\start-server.js'
  ],
  page: '/shop'
}
 ○ Compiling /_error ...
 GET /shop 500 in 835ms
 ⨯ Error: Cannot find module './828.js'
Require stack:
- C:\Users\kelat\Downloads\WEBSITE\.next\server\webpack-runtime.js
- C:\Users\kelat\Downloads\WEBSITE\.next\server\app\_not-found\page.js
- C:\Users\kelat\Downloads\WEBSITE\node_modules\next\dist\server\require.js
- C:\Users\kelat\Downloads\WEBSITE\node_modules\next\dist\server\load-components.js
- C:\Users\kelat\Downloads\WEBSITE\node_modules\next\dist\build\utils.js
- C:\Users\kelat\Downloads\WEBSITE\node_modules\next\dist\build\swc\options.js
- C:\Users\kelat\Downloads\WEBSITE\node_modules\next\dist\build\swc\index.js
- C:\Users\kelat\Downloads\WEBSITE\node_modules\next\dist\build\next-config-ts\transpile-config.js
- C:\Users\kelat\Downloads\WEBSITE\node_modules\next\dist\server\config.js
- C:\Users\kelat\Downloads\WEBSITE\node_modules\next\dist\server\next.js
- C:\Users\kelat\Downloads\WEBSITE\node_modules\next\dist\server\lib\start-server.js
    at Module.<anonymous> (node:internal/modules/cjs/loader:1476:15)
    at C:\Users\kelat\Downloads\WEBSITE\node_modules\next\dist\server\require-hook.js:55:36
    at wrapResolveFilename (node:internal/modules/cjs/loader:1049:27)
    at defaultResolveImplForCJSLoading (node:internal/modules/cjs/loader:1073:10)
    at defaultResolve (node:internal/modules/cjs/loader:1124:20)
    at nextStep (node:internal/modules/customization_hooks:189:26)
    at Be (C:\Users\kelat\Downloads\WEBSITE\node_modules\@tailwindcss\node\dist\index.js:1:1283)
    at nextStep (node:internal/modules/customization_hooks:189:26)
    at resolveWithHooks (node:internal/modules/customization_hooks:417:10)
    at resolveForCJSWithHooks (node:internal/modules/cjs/loader:1137:25)
    at Module._load (node:internal/modules/cjs/loader:1262:25)
    at wrapModuleLoad (node:internal/modules/cjs/loader:255:19)
    at Module.<anonymous> (node:internal/modules/cjs/loader:1576:12)
    at mod.require (C:\Users\kelat\Downloads\WEBSITE\node_modules\next\dist\server\require-hook.js:65:28)
    at require (node:internal/modules/helpers:153:16)
    at __webpack_require__.f.require (C:\Users\kelat\Downloads\WEBSITE\.next\server\webpack-runtime.js:267:28)
    at C:\Users\kelat\Downloads\WEBSITE\.next\server\webpack-runtime.js:180:40
    at Array.reduce (<anonymous>)
    at __webpack_require__.e (C:\Users\kelat\Downloads\WEBSITE\.next\server\webpack-runtime.js:179:67)
    at Array.map (<anonymous>)
    at __webpack_require__.X (C:\Users\kelat\Downloads\WEBSITE\.next\server\webpack-runtime.js:231:22)
    at C:\Users\kelat\Downloads\WEBSITE\.next\server\app\page.js:1:8460
    at Object.<anonymous> (C:\Users\kelat\Downloads\WEBSITE\.next\server\app\page.js:1:8504)
    at Module._compile (node:internal/modules/cjs/loader:1830:14)
    at Object..js (node:internal/modules/cjs/loader:1961:10)
    at Module.load (node:internal/modules/cjs/loader:1553:32)
    at Module._load (node:internal/modules/cjs/loader:1355:12)
    at wrapModuleLoad (node:internal/modules/cjs/loader:255:19)
    at Module.<anonymous> (node:internal/modules/cjs/loader:1576:12)
    at mod.require (C:\Users\kelat\Downloads\WEBSITE\node_modules\next\dist\server\require-hook.js:65:28)
    at require (node:internal/modules/helpers:153:16)
    at requirePage (C:\Users\kelat\Downloads\WEBSITE\node_modules\next\dist\server\require.js:103:84)
    at loadComponentsImpl (C:\Users\kelat\Downloads\WEBSITE\node_modules\next\dist\server\load-components.js:99:57)
    at async DevServer.findPageComponentsImpl (C:\Users\kelat\Downloads\WEBSITE\node_modules\next\dist\server\next-server.js:732:36)
    at async DevServer.findPageComponents (C:\Users\kelat\Downloads\WEBSITE\node_modules\next\dist\server\dev\next-dev-server.js:611:20)
    at async DevServer.renderPageComponent (C:\Users\kelat\Downloads\WEBSITE\node_modules\next\dist\server\base-server.js:2279:24)
    at async DevServer.renderToResponseImpl (C:\Users\kelat\Downloads\WEBSITE\node_modules\next\dist\server\base-server.js:2330:32)
    at async DevServer.pipeImpl (C:\Users\kelat\Downloads\WEBSITE\node_modules\next\dist\server\base-server.js:984:25)
    at async NextNodeServer.handleCatchallRenderRequest (C:\Users\kelat\Downloads\WEBSITE\node_modules\next\dist\server\next-server.js:281:17)
    at async DevServer.handleRequestImpl (C:\Users\kelat\Downloads\WEBSITE\node_modules\next\dist\server\base-server.js:877:17)
    at async C:\Users\kelat\Downloads\WEBSITE\node_modules\next\dist\server\dev\next-dev-server.js:373:20
    at async Span.traceAsyncFn (C:\Users\kelat\Downloads\WEBSITE\node_modules\next\dist\trace\trace.js:157:20)
    at async DevServer.handleRequest (C:\Users\kelat\Downloads\WEBSITE\node_modules\next\dist\server\dev\next-dev-server.js:370:24)
    at async invokeRender (C:\Users\kelat\Downloads\WEBSITE\node_modules\next\dist\server\lib\router-server.js:183:21)
    at async handleRequest (C:\Users\kelat\Downloads\WEBSITE\node_modules\next\dist\server\lib\router-server.js:360:24)
    at async requestHandlerImpl (C:\Users\kelat\Downloads\WEBSITE\node_modules\next\dist\server\lib\router-server.js:384:13)
    at async Server.requestListener (C:\Users\kelat\Downloads\WEBSITE\node_modules\next\dist\server\lib\start-server.js:142:13) {
  code: 'MODULE_NOT_FOUND',
  requireStack: [
    'C:\\Users\\kelat\\Downloads\\WEBSITE\\.next\\server\\webpack-runtime.js',
    'C:\\Users\\kelat\\Downloads\\WEBSITE\\.next\\server\\app\\_not-found\\page.js',
    'C:\\Users\\kelat\\Downloads\\WEBSITE\\node_modules\\next\\dist\\server\\require.js',
    'C:\\Users\\kelat\\Downloads\\WEBSITE\\node_modules\\next\\dist\\server\\load-components.js',
    'C:\\Users\\kelat\\Downloads\\WEBSITE\\node_modules\\next\\dist\\build\\utils.js',
    'C:\\Users\\kelat\\Downloads\\WEBSITE\\node_modules\\next\\dist\\build\\swc\\options.js',
    'C:\\Users\\kelat\\Downloads\\WEBSITE\\node_modules\\next\\dist\\build\\swc\\index.js',
    'C:\\Users\\kelat\\Downloads\\WEBSITE\\node_modules\\next\\dist\\build\\next-config-ts\\transpile-config.js',
    'C:\\Users\\kelat\\Downloads\\WEBSITE\\node_modules\\next\\dist\\server\\config.js',
    'C:\\Users\\kelat\\Downloads\\WEBSITE\\node_modules\\next\\dist\\server\\next.js',
    'C:\\Users\\kelat\\Downloads\\WEBSITE\\node_modules\\next\\dist\\server\\lib\\start-server.js'
  ],
  page: '/'
}
Watchpack Error (initial scan): Error: EINVAL: invalid argument, lstat 'C:\DumpStack.log.tmp'
Watchpack Error (initial scan): Error: EINVAL: invalid argument, lstat 'C:\pagefile.sys'
Watchpack Error (initial scan): Error: EINVAL: invalid argument, lstat 'C:\swapfile.sys'
 ✓ Compiled /_error in 1593ms (842 modules)
 GET / 500 in 1069ms
Watchpack Error (initial scan): Error: EINVAL: invalid argument, lstat 'C:\DumpStack.log.tmp'
Watchpack Error (initial scan): Error: EINVAL: invalid argument, lstat 'C:\pagefile.sys'
Watchpack Error (initial scan): Error: EINVAL: invalid argument, lstat 'C:\swapfile.sys'
 ⨯ Error: Cannot find module './828.js'
Require stack:
- C:\Users\kelat\Downloads\WEBSITE\.next\server\webpack-runtime.js
- C:\Users\kelat\Downloads\WEBSITE\.next\server\pages\_document.js
- C:\Users\kelat\Downloads\WEBSITE\node_modules\next\dist\server\require.js
- C:\Users\kelat\Downloads\WEBSITE\node_modules\next\dist\server\load-components.js
- C:\Users\kelat\Downloads\WEBSITE\node_modules\next\dist\build\utils.js
- C:\Users\kelat\Downloads\WEBSITE\node_modules\next\dist\build\swc\options.js
- C:\Users\kelat\Downloads\WEBSITE\node_modules\next\dist\build\swc\index.js
- C:\Users\kelat\Downloads\WEBSITE\node_modules\next\dist\build\next-config-ts\transpile-config.js
- C:\Users\kelat\Downloads\WEBSITE\node_modules\next\dist\server\config.js
- C:\Users\kelat\Downloads\WEBSITE\node_modules\next\dist\server\next.js
- C:\Users\kelat\Downloads\WEBSITE\node_modules\next\dist\server\lib\start-server.js
    at Module.<anonymous> (node:internal/modules/cjs/loader:1476:15)
    at C:\Users\kelat\Downloads\WEBSITE\node_modules\next\dist\server\require-hook.js:55:36
    at wrapResolveFilename (node:internal/modules/cjs/loader:1049:27)
    at defaultResolveImplForCJSLoading (node:internal/modules/cjs/loader:1073:10)
    at defaultResolve (node:internal/modules/cjs/loader:1124:20)
    at nextStep (node:internal/modules/customization_hooks:189:26)
    at Be (C:\Users\kelat\Downloads\WEBSITE\node_modules\@tailwindcss\node\dist\index.js:1:1283)
    at nextStep (node:internal/modules/customization_hooks:189:26)
    at resolveWithHooks (node:internal/modules/customization_hooks:417:10)
    at resolveForCJSWithHooks (node:internal/modules/cjs/loader:1137:25)
    at Module._load (node:internal/modules/cjs/loader:1262:25)
    at wrapModuleLoad (node:internal/modules/cjs/loader:255:19)
    at Module.<anonymous> (node:internal/modules/cjs/loader:1576:12)
    at mod.require (C:\Users\kelat\Downloads\WEBSITE\node_modules\next\dist\server\require-hook.js:65:28)
    at require (node:internal/modules/helpers:153:16)
    at __webpack_require__.f.require (C:\Users\kelat\Downloads\WEBSITE\.next\server\webpack-runtime.js:267:28)
    at C:\Users\kelat\Downloads\WEBSITE\.next\server\webpack-runtime.js:180:40
    at Array.reduce (<anonymous>)
    at __webpack_require__.e (C:\Users\kelat\Downloads\WEBSITE\.next\server\webpack-runtime.js:179:67)
    at Array.map (<anonymous>)
    at __webpack_require__.X (C:\Users\kelat\Downloads\WEBSITE\.next\server\webpack-runtime.js:231:22)
    at C:\Users\kelat\Downloads\WEBSITE\.next\server\app\page.js:1:8460
    at Object.<anonymous> (C:\Users\kelat\Downloads\WEBSITE\.next\server\app\page.js:1:8504)
    at Module._compile (node:internal/modules/cjs/loader:1830:14)
    at Object..js (node:internal/modules/cjs/loader:1961:10)
    at Module.load (node:internal/modules/cjs/loader:1553:32)
    at Module._load (node:internal/modules/cjs/loader:1355:12)
    at wrapModuleLoad (node:internal/modules/cjs/loader:255:19)
    at Module.<anonymous> (node:internal/modules/cjs/loader:1576:12)
    at mod.require (C:\Users\kelat\Downloads\WEBSITE\node_modules\next\dist\server\require-hook.js:65:28)
    at require (node:internal/modules/helpers:153:16)
    at requirePage (C:\Users\kelat\Downloads\WEBSITE\node_modules\next\dist\server\require.js:103:84)
    at loadComponentsImpl (C:\Users\kelat\Downloads\WEBSITE\node_modules\next\dist\server\load-components.js:99:57)
    at async DevServer.findPageComponentsImpl (C:\Users\kelat\Downloads\WEBSITE\node_modules\next\dist\server\next-server.js:732:36)
    at async DevServer.findPageComponents (C:\Users\kelat\Downloads\WEBSITE\node_modules\next\dist\server\dev\next-dev-server.js:611:20)
    at async DevServer.renderPageComponent (C:\Users\kelat\Downloads\WEBSITE\node_modules\next\dist\server\base-server.js:2279:24)
    at async DevServer.renderToResponseImpl (C:\Users\kelat\Downloads\WEBSITE\node_modules\next\dist\server\base-server.js:2330:32)
    at async DevServer.pipeImpl (C:\Users\kelat\Downloads\WEBSITE\node_modules\next\dist\server\base-server.js:984:25)
    at async NextNodeServer.handleCatchallRenderRequest (C:\Users\kelat\Downloads\WEBSITE\node_modules\next\dist\server\next-server.js:281:17)
    at async DevServer.handleRequestImpl (C:\Users\kelat\Downloads\WEBSITE\node_modules\next\dist\server\base-server.js:877:17)
    at async C:\Users\kelat\Downloads\WEBSITE\node_modules\next\dist\server\dev\next-dev-server.js:373:20
    at async Span.traceAsyncFn (C:\Users\kelat\Downloads\WEBSITE\node_modules\next\dist\trace\trace.js:157:20)
    at async DevServer.handleRequest (C:\Users\kelat\Downloads\WEBSITE\node_modules\next\dist\server\dev\next-dev-server.js:370:24)
    at async invokeRender (C:\Users\kelat\Downloads\WEBSITE\node_modules\next\dist\server\lib\router-server.js:183:21)
    at async handleRequest (C:\Users\kelat\Downloads\WEBSITE\node_modules\next\dist\server\lib\router-server.js:360:24)
    at async requestHandlerImpl (C:\Users\kelat\Downloads\WEBSITE\node_modules\next\dist\server\lib\router-server.js:384:13)
    at async Server.requestListener (C:\Users\kelat\Downloads\WEBSITE\node_modules\next\dist\server\lib\start-server.js:142:13) {
  code: 'MODULE_NOT_FOUND',
  requireStack: [
    'C:\\Users\\kelat\\Downloads\\WEBSITE\\.next\\server\\webpack-runtime.js',
    'C:\\Users\\kelat\\Downloads\\WEBSITE\\.next\\server\\pages\\_document.js',
    'C:\\Users\\kelat\\Downloads\\WEBSITE\\node_modules\\next\\dist\\server\\require.js',
    'C:\\Users\\kelat\\Downloads\\WEBSITE\\node_modules\\next\\dist\\server\\load-components.js',
    'C:\\Users\\kelat\\Downloads\\WEBSITE\\node_modules\\next\\dist\\build\\utils.js',
    'C:\\Users\\kelat\\Downloads\\WEBSITE\\node_modules\\next\\dist\\build\\swc\\options.js',
    'C:\\Users\\kelat\\Downloads\\WEBSITE\\node_modules\\next\\dist\\build\\swc\\index.js',
    'C:\\Users\\kelat\\Downloads\\WEBSITE\\node_modules\\next\\dist\\build\\next-config-ts\\transpile-config.js',
    'C:\\Users\\kelat\\Downloads\\WEBSITE\\node_modules\\next\\dist\\server\\config.js',
    'C:\\Users\\kelat\\Downloads\\WEBSITE\\node_modules\\next\\dist\\server\\next.js',
    'C:\\Users\\kelat\\Downloads\\WEBSITE\\node_modules\\next\\dist\\server\\lib\\start-server.js'
  ],
  page: '/'
}
 GET / 500 in 45ms
[?25h
