  ▲ Next.js 15.0.0
  - Local:        http://localhost:3001

 ✓ Starting...
 ✓ Ready in 1517ms
 ○ Compiling / ...
 ✓ Compiled / in 2.6s (588 modules)
 GET / 200 in 2788ms
 ○ Compiling /admin ...
 ✓ Compiled /admin in 546ms (636 modules)
 GET / 200 in 94ms
 GET /admin 200 in 663ms
 ✓ Compiled in 230ms (317 modules)
 GET /admin 200 in 53ms
 ✓ Compiled in 337ms (636 modules)
 GET /admin 200 in 62ms
 ✓ Compiled in 471ms (648 modules)
 GET /admin 200 in 86ms
 ✓ Compiled in 417ms (648 modules)
 GET /admin 200 in 57ms
 ✓ Compiled in 350ms (648 modules)
 GET /admin 200 in 46ms
[Error: ENOENT: no such file or directory, stat 'C:\Users\kelat\Downloads\WEBSITE\.next\cache\webpack\server-development\0.pack.gz'] {
  errno: -4058,
  code: 'ENOENT',
  syscall: 'stat',
  path: 'C:\\Users\\kelat\\Downloads\\WEBSITE\\.next\\cache\\webpack\\server-development\\0.pack.gz'
}
 ⨯ unhandledRejection: [Error: ENOENT: no such file or directory, stat 'C:\Users\kelat\Downloads\WEBSITE\.next\cache\webpack\server-development\0.pack.gz'] {
  errno: -4058,
  code: 'ENOENT',
  syscall: 'stat',
  path: 'C:\\Users\\kelat\\Downloads\\WEBSITE\\.next\\cache\\webpack\\server-development\\0.pack.gz'
}
 ⨯ unhandledRejection: [Error: ENOENT: no such file or directory, stat 'C:\Users\kelat\Downloads\WEBSITE\.next\cache\webpack\server-development\0.pack.gz'] {
  errno: -4058,
  code: 'ENOENT',
  syscall: 'stat',
  path: 'C:\\Users\\kelat\\Downloads\\WEBSITE\\.next\\cache\\webpack\\server-development\\0.pack.gz'
}
[Error: ENOENT: no such file or directory, stat 'C:\Users\kelat\Downloads\WEBSITE\.next\cache\webpack\server-development\1.pack.gz'] {
  errno: -4058,
  code: 'ENOENT',
  syscall: 'stat',
  path: 'C:\\Users\\kelat\\Downloads\\WEBSITE\\.next\\cache\\webpack\\server-development\\1.pack.gz'
}
 ⨯ unhandledRejection: [Error: ENOENT: no such file or directory, stat 'C:\Users\kelat\Downloads\WEBSITE\.next\cache\webpack\server-development\1.pack.gz'] {
  errno: -4058,
  code: 'ENOENT',
  syscall: 'stat',
  path: 'C:\\Users\\kelat\\Downloads\\WEBSITE\\.next\\cache\\webpack\\server-development\\1.pack.gz'
}
 ⨯ unhandledRejection: [Error: ENOENT: no such file or directory, stat 'C:\Users\kelat\Downloads\WEBSITE\.next\cache\webpack\server-development\1.pack.gz'] {
  errno: -4058,
  code: 'ENOENT',
  syscall: 'stat',
  path: 'C:\\Users\\kelat\\Downloads\\WEBSITE\\.next\\cache\\webpack\\server-development\\1.pack.gz'
}
[Error: ENOENT: no such file or directory, stat 'C:\Users\kelat\Downloads\WEBSITE\.next\cache\webpack\server-development\2.pack.gz'] {
  errno: -4058,
  code: 'ENOENT',
  syscall: 'stat',
  path: 'C:\\Users\\kelat\\Downloads\\WEBSITE\\.next\\cache\\webpack\\server-development\\2.pack.gz'
}
 ⨯ unhandledRejection: [Error: ENOENT: no such file or directory, stat 'C:\Users\kelat\Downloads\WEBSITE\.next\cache\webpack\server-development\2.pack.gz'] {
  errno: -4058,
  code: 'ENOENT',
  syscall: 'stat',
  path: 'C:\\Users\\kelat\\Downloads\\WEBSITE\\.next\\cache\\webpack\\server-development\\2.pack.gz'
}
 ⨯ unhandledRejection: [Error: ENOENT: no such file or directory, stat 'C:\Users\kelat\Downloads\WEBSITE\.next\cache\webpack\server-development\2.pack.gz'] {
  errno: -4058,
  code: 'ENOENT',
  syscall: 'stat',
  path: 'C:\\Users\\kelat\\Downloads\\WEBSITE\\.next\\cache\\webpack\\server-development\\2.pack.gz'
}
<w> [webpack.cache.PackFileCacheStrategy] Caching failed for pack: Error: ENOENT: no such file or directory, stat 'C:\Users\kelat\Downloads\WEBSITE\.next\cache\webpack\server-development\0.pack.gz'
[Error: ENOENT: no such file or directory, stat 'C:\Users\kelat\Downloads\WEBSITE\.next\cache\webpack\client-development\1.pack.gz'] {
  errno: -4058,
  code: 'ENOENT',
  syscall: 'stat',
  path: 'C:\\Users\\kelat\\Downloads\\WEBSITE\\.next\\cache\\webpack\\client-development\\1.pack.gz'
}
 ⨯ unhandledRejection: [Error: ENOENT: no such file or directory, stat 'C:\Users\kelat\Downloads\WEBSITE\.next\cache\webpack\client-development\1.pack.gz'] {
  errno: -4058,
  code: 'ENOENT',
  syscall: 'stat',
  path: 'C:\\Users\\kelat\\Downloads\\WEBSITE\\.next\\cache\\webpack\\client-development\\1.pack.gz'
}
 ⨯ unhandledRejection: [Error: ENOENT: no such file or directory, stat 'C:\Users\kelat\Downloads\WEBSITE\.next\cache\webpack\client-development\1.pack.gz'] {
  errno: -4058,
  code: 'ENOENT',
  syscall: 'stat',
  path: 'C:\\Users\\kelat\\Downloads\\WEBSITE\\.next\\cache\\webpack\\client-development\\1.pack.gz'
}
[Error: ENOENT: no such file or directory, stat 'C:\Users\kelat\Downloads\WEBSITE\.next\cache\webpack\client-development\2.pack.gz'] {
  errno: -4058,
  code: 'ENOENT',
  syscall: 'stat',
  path: 'C:\\Users\\kelat\\Downloads\\WEBSITE\\.next\\cache\\webpack\\client-development\\2.pack.gz'
}
 ⨯ unhandledRejection: [Error: ENOENT: no such file or directory, stat 'C:\Users\kelat\Downloads\WEBSITE\.next\cache\webpack\client-development\2.pack.gz'] {
  errno: -4058,
  code: 'ENOENT',
  syscall: 'stat',
  path: 'C:\\Users\\kelat\\Downloads\\WEBSITE\\.next\\cache\\webpack\\client-development\\2.pack.gz'
}
 ⨯ unhandledRejection: [Error: ENOENT: no such file or directory, stat 'C:\Users\kelat\Downloads\WEBSITE\.next\cache\webpack\client-development\2.pack.gz'] {
  errno: -4058,
  code: 'ENOENT',
  syscall: 'stat',
  path: 'C:\\Users\\kelat\\Downloads\\WEBSITE\\.next\\cache\\webpack\\client-development\\2.pack.gz'
}
<w> [webpack.cache.PackFileCacheStrategy] Caching failed for pack: Error: ENOENT: no such file or directory, stat 'C:\Users\kelat\Downloads\WEBSITE\.next\cache\webpack\client-development\1.pack.gz'
 ✓ Compiled in 264ms (648 modules)
 GET /admin 200 in 46ms
 ✓ Compiled /_not-found in 177ms (637 modules)
 GET /_next/static/css/app/layout.css?v=1784061360982 404 in 233ms
